2025-02-16T12:31:33+01:00 INF Traefik version 3.3.3 built on 2025-01-31T14:55:01Z version=3.3.3
2025-02-16T12:31:33+01:00 INF 
Stats collection is disabled.
Help us improve Traefik by turning this feature on :)
More details on: https://doc.traefik.io/traefik/contributing/data-collection/

2025-02-16T12:31:33+01:00 INF Starting provider aggregator *aggregator.ProviderAggregator
2025-02-16T12:31:33+01:00 INF Starting provider *traefik.Provider
2025-02-16T12:31:33+01:00 INF Starting provider *docker.Provider
2025-02-16T12:31:33+01:00 INF Starting provider *acme.ChallengeTLSALPN
2025-02-17T12:20:30+01:00 INF Traefik version 3.3.3 built on 2025-01-31T14:55:01Z version=3.3.3
2025-02-17T12:20:30+01:00 INF 
Stats collection is disabled.
Help us improve Traefik by turning this feature on :)
More details on: https://doc.traefik.io/traefik/contributing/data-collection/

2025-02-17T12:20:30+01:00 INF Starting provider aggregator *aggregator.ProviderAggregator
2025-02-17T12:20:30+01:00 INF Starting provider *docker.Provider
2025-02-17T12:20:30+01:00 INF Starting provider *traefik.Provider
2025-02-17T12:20:30+01:00 INF Starting provider *acme.ChallengeTLSALPN
2025-02-17T12:23:52+01:00 INF I have to go...
2025-02-17T12:23:52+01:00 INF Stopping server gracefully
2025-02-17T12:23:52+01:00 ERR error="accept tcp [::]:80: use of closed network connection" entryPointName=web
2025-02-17T12:23:52+01:00 ERR error="accept tcp [::]:8080: use of closed network connection" entryPointName=traefik
2025-02-17T12:23:52+01:00 ERR error="close tcp [::]:8080: use of closed network connection" entryPointName=traefik
2025-02-17T12:23:52+01:00 ERR error="close tcp [::]:80: use of closed network connection" entryPointName=web
2025-02-17T12:23:52+01:00 INF Server stopped
2025-02-17T12:23:52+01:00 INF Shutting down
